<?xml version="1.0" encoding="UTF-8"?><rss xmlns:dc="http://purl.org/dc/elements/1.1/" xmlns:content="http://purl.org/rss/1.0/modules/content/" xmlns:atom="http://www.w3.org/2005/Atom" version="2.0"><channel><title><![CDATA[ArcBlock Blog]]></title><description><![CDATA[Latest blogs from arcblock.io]]></description><link>https://www.arcblock.io/blog</link><generator>RSS for Node</generator><lastBuildDate>Sun, 10 Mar 2024 00:03:19 GMT</lastBuildDate><atom:link href="https://link-general-public.s3.ap-northeast-3.amazonaws.com/arcblock-blog-feed.xml" rel="self" type="application/rss+xml"/><item><title><![CDATA[DID Connect New Experience]]></title><description><![CDATA[We are officially announcing the new DID Connect experience. The new generation of DID Connect focuses on optimizing the layout mode of DID Connect, s]]></description><link>https://www.arcblock.io/blog/did-connect-new-layout</link><guid isPermaLink="false">6920cf46-e062-41a0-bb50-817e4b8d5693</guid><pubDate>Tue, 05 Mar 2024 13:00:39 GMT</pubDate></item><item><title><![CDATA[Aistro knows you better]]></title><description><![CDATA[Aistro has always strived to provide the most accurate and caring astrology experience for our users, and with this upgrade, we have focused on improv]]></description><link>https://www.arcblock.io/blog/aistro-1-10-release</link><guid isPermaLink="false">6e764905-fbab-4dcd-8deb-80b08da720d2</guid><pubDate>Wed, 28 Feb 2024 04:04:01 GMT</pubDate></item><item><title><![CDATA[DID Wallet 4.20 Release Note]]></title><description><![CDATA[DID Wallet Version 4.20.0 has been released online. This update incorporates user and community feedback and focuses on improving some core features.
]]></description><link>https://www.arcblock.io/blog/did-wallet-4-20-release</link><guid isPermaLink="false">28efeef3-43a5-4676-a36f-52f329748007</guid><pubDate>Tue, 27 Feb 2024 12:31:25 GMT</pubDate></item><item><title><![CDATA[Pages Kit v0.2.243 officially released]]></title><description><![CDATA[At the beginning of the new year, Pages Kit ushered in a brand new version release! We are pleased to announce that version v0.2.243 has officially la]]></description><link>https://www.arcblock.io/blog/pages-kit-v0-2-243-released</link><guid isPermaLink="false">47215690-4781-45a3-a3d7-ae638a7a4b23</guid><pubDate>Fri, 23 Feb 2024 17:23:22 GMT</pubDate></item><item><title><![CDATA[AI Studio v0.1.263 officially released]]></title><description><![CDATA[After the Spring Festival, AI Studio welcomed a brand new version v0.1.263! This update brings a series of exciting changes, let's take a look togethe]]></description><link>https://www.arcblock.io/blog/ai-studio-v0-1-263-released</link><guid isPermaLink="false">2402ac5b-feb1-4fb6-88a3-7a0785ff15d0</guid><pubDate>Fri, 23 Feb 2024 16:31:47 GMT</pubDate></item><item><title><![CDATA[New feature! The Disscuss Kit User Center is here!]]></title><description><![CDATA[Author: Zaiquan Wen, ArcBlock Engineer
We are excited to announce that after a month of research and development, Discuss Kit v1.6.144 User Center fea]]></description><link>https://www.arcblock.io/blog/discuss-kit-user-center-released</link><guid isPermaLink="false">40c1d23a-2f7a-4616-83fe-c01d97e3acf7</guid><pubDate>Fri, 23 Feb 2024 10:07:40 GMT</pubDate></item><item><title><![CDATA[Blocklet Server v1.16.23 Released]]></title><description><![CDATA[We are thrilled to announce the official release of Blocklet Server v1.16.23, a culmination of four weeks of dedicated improvement and testing across ]]></description><link>https://www.arcblock.io/blog/blocklet-server-v1-16-23-released</link><guid isPermaLink="false">b438f5af-0794-4be7-bf7c-106f63693aa1</guid><pubDate>Thu, 15 Feb 2024 00:49:56 GMT</pubDate></item><item><title><![CDATA[Hold the 2023 Year of the Rabbit NFT to participate in the 2024 Year of the Dragon NFT drawing event]]></title><description><![CDATA[ArcBlock is going to hold a unique Giveaway event. If you are the owner of our 2023 Year of the Rabbit NFT, Congratulations! You will have the opportu]]></description><link>https://www.arcblock.io/blog/2023-rabbit-year-nft-holders-win-2024-dragon-year-nft</link><guid isPermaLink="false">3beaf3df-0b50-4951-9318-7afdbee9165d</guid><pubDate>Wed, 14 Feb 2024 00:31:02 GMT</pubDate></item><item><title><![CDATA[Part 2: Step-by-step guide on how to create a Year of the Dragon NFT]]></title><description><![CDATA[Author: Xu Mo, ArcBlock designer
On the occasion of the Year of the Dragon, I created a set of commemorative NFTs for the Year of the Dragon. I shared]]></description><link>https://www.arcblock.io/blog/nft-tutorial-2-nft-studio</link><guid isPermaLink="false">6c88de82-4c7c-4584-af0d-1c15d18a3df3</guid><pubDate>Mon, 12 Feb 2024 13:00:03 GMT</pubDate></item><item><title><![CDATA[Part 1: Step-by-step guide on how to create Year of the Dragon NFT]]></title><description><![CDATA[Author: Xu Mo, ArcBlock designer
On the occasion of the Year of the Dragon, I have created a set of commemorative NFTs for the Year of the Dragon. I a]]></description><link>https://www.arcblock.io/blog/nft-tutorial-1-aigc-figma</link><guid isPermaLink="false">1ee6104f-9937-4b9b-b12b-c7bf1ba64b66</guid><pubDate>Sun, 11 Feb 2024 22:00:58 GMT</pubDate></item><item><title><![CDATA[ArcBlock Updates Roadmap for 2024]]></title><description><![CDATA[In celebration of the Year of the Dragon, ArcBlock has updated its 2024 roadmap. 🐉 This updated Roadmap details and gives more of a glimpse of our de]]></description><link>https://www.arcblock.io/blog/arcblock-2024-roadmap</link><guid isPermaLink="false">b5ce149d-acda-46a1-90f4-d5769c4bb500</guid><pubDate>Fri, 09 Feb 2024 12:59:12 GMT</pubDate></item><item><title><![CDATA[ArcBlock 2024 Chinese New Year NFT Giveaway Event]]></title><description><![CDATA[ArcBlock will hold a unique NFT carnival event during the Chinese Year of the Dragon in 2024. This time, we will carry out a limited edition AIGC NFT ]]></description><link>https://www.arcblock.io/blog/arcblock-2024-chinese-year-of-the-dragon-nft-giveaway</link><guid isPermaLink="false">223b3025-613a-43ed-ac85-02793904878d</guid><pubDate>Thu, 08 Feb 2024 05:01:13 GMT</pubDate></item><item><title><![CDATA[Aistro launch the 2024 fortune prediction event for the Year of the Dragon]]></title><description><![CDATA[Entering the year of the dragon in 2024, Aistro brings a brand new personalized activity. Users only need to provide simple personal birth information]]></description><link>https://www.arcblock.io/blog/aistro-releases-2024-dragon-year-forecast-event</link><guid isPermaLink="false">be159990-eaf9-4389-9c77-9493a0d3261c</guid><pubDate>Thu, 08 Feb 2024 01:24:33 GMT</pubDate></item><item><title><![CDATA[AIGNE - Rapidly achieving "Master of Chunlian" AI application without coding.]]></title><description><![CDATA[We came across a fantastic AI-powered app for writing Chunlian (Spring Festival couplets) on social media. We think this idea is really great:
Altho]]></description><link>https://www.arcblock.io/blog/aigne-kuai-su</link><guid isPermaLink="false">e7479c40-7f2e-46f4-99d2-8592d3d91332</guid><pubDate>Tue, 06 Feb 2024 16:00:57 GMT</pubDate></item><item><title><![CDATA[DID Wallet v4.19.1 Release Notes]]></title><description><![CDATA[This update brings some important improvements and fixes to the DID Wallet to enhance the user experience. This version fixes several important issues]]></description><link>https://www.arcblock.io/blog/did-wallet-4-19-release</link><guid isPermaLink="false">bb3c2c64-2642-40ae-87d3-94bd3d897ab8</guid><pubDate>Tue, 06 Feb 2024 14:50:23 GMT</pubDate></item><item><title><![CDATA[Seeing a dragon in the field, may the Year of the Dragon bring you great luck!]]></title><description><![CDATA[Year of the Dragon
In the Chinese calendar, 2024 is the Year of the Dragon, starting from February 10, 2024.
We have chosen the phrase "seeing a drago]]></description><link>https://www.arcblock.io/blog/happy-dragon-year</link><guid isPermaLink="false">e1205494-94f4-42d8-b303-837558d760d8</guid><pubDate>Mon, 05 Feb 2024 20:00:16 GMT</pubDate></item><item><title><![CDATA[Is "one person billion dollars valuation company" possible?]]></title><description><![CDATA[Author: Robert Mao, Founder & CEO
(Disclaimer: This article only represents the personal views of the author.)
Recently, a video of Sam Altman, the CE]]></description><link>https://www.arcblock.io/blog/one-person-billion-dollar-companies</link><guid isPermaLink="false">5ab22aef-ed62-4f9b-ab7a-1ab32006adaa</guid><pubDate>Mon, 05 Feb 2024 08:00:38 GMT</pubDate></item><item><title><![CDATA[What is ERC-681?]]></title><description><![CDATA[Yesterday we discovered the issue that occurred when scanning Coinbase's QR code with the DID wallet. In our announcement, we mentioned the concept of]]></description><link>https://www.arcblock.io/blog/what-is-erc-681</link><guid isPermaLink="false">e0f66a49-cf74-46cd-bce7-7127e8d917ae</guid><pubDate>Fri, 02 Feb 2024 18:22:04 GMT</pubDate></item><item><title><![CDATA[⚠️ Attention! Using DID:Wallet to recharge ABT to Coinbase account.]]></title><description><![CDATA[✅ Feb 6, 2024 UPDATE: We have released the latest DID:Wallet 4.19 and this problem has been fixed. Please update to the latest version.
⚠️   February]]></description><link>https://www.arcblock.io/blog/did-wallet-coinbase-address-issue</link><guid isPermaLink="false">743b7011-698b-4a50-a2f5-a76d6bd1eea1</guid><pubDate>Fri, 02 Feb 2024 05:38:10 GMT</pubDate></item><item><title><![CDATA[Anatomy of ArcBlock's new website]]></title><description><![CDATA[ArcBlock's new website has been released. This article takes you on a comprehensive tour and analysis of how we built the ArcBlock new website ourselv]]></description><link>https://www.arcblock.io/blog/anatomy-of-arcblocks-new-website</link><guid isPermaLink="false">7c710ff1-2d27-4c4a-b7f4-bd13190af4b5</guid><pubDate>Thu, 01 Feb 2024 20:00:49 GMT</pubDate></item></channel></rss>
